<!DOCTYPE html>
<html>
  <head>
    <meta charset="utf-8"/>
    <title>report.html</title>
    <link href="assets/style.css" rel="stylesheet" type="text/css"/></head>
  <body onLoad="init()">
    <script>/* This Source Code Form is subject to the terms of the Mozilla Public
 * License, v. 2.0. If a copy of the MPL was not distributed with this file,
 * You can obtain one at http://mozilla.org/MPL/2.0/. */


function toArray(iter) {
    if (iter === null) {
        return null;
    }
    return Array.prototype.slice.call(iter);
}

function find(selector, elem) { // eslint-disable-line no-redeclare
    if (!elem) {
        elem = document;
    }
    return elem.querySelector(selector);
}

function findAll(selector, elem) {
    if (!elem) {
        elem = document;
    }
    return toArray(elem.querySelectorAll(selector));
}

function sortColumn(elem) {
    toggleSortStates(elem);
    const colIndex = toArray(elem.parentNode.childNodes).indexOf(elem);
    let key;
    if (elem.classList.contains('result')) {
        key = keyResult;
    } else if (elem.classList.contains('links')) {
        key = keyLink;
    } else {
        key = keyAlpha;
    }
    sortTable(elem, key(colIndex));
}

function showAllExtras() { // eslint-disable-line no-unused-vars
    findAll('.col-result').forEach(showExtras);
}

function hideAllExtras() { // eslint-disable-line no-unused-vars
    findAll('.col-result').forEach(hideExtras);
}

function showExtras(colresultElem) {
    const extras = colresultElem.parentNode.nextElementSibling;
    const expandcollapse = colresultElem.firstElementChild;
    extras.classList.remove('collapsed');
    expandcollapse.classList.remove('expander');
    expandcollapse.classList.add('collapser');
}

function hideExtras(colresultElem) {
    const extras = colresultElem.parentNode.nextElementSibling;
    const expandcollapse = colresultElem.firstElementChild;
    extras.classList.add('collapsed');
    expandcollapse.classList.remove('collapser');
    expandcollapse.classList.add('expander');
}

function showFilters() {
    let visibleString = getQueryParameter('visible') || 'all';
    visibleString = visibleString.toLowerCase();
    const checkedItems = visibleString.split(',');

    const filterItems = document.getElementsByClassName('filter');
    for (let i = 0; i < filterItems.length; i++) {
        filterItems[i].hidden = false;

        if (visibleString != 'all') {
            filterItems[i].checked = checkedItems.includes(filterItems[i].getAttribute('data-test-result'));
            filterTable(filterItems[i]);
        }
    }
}

function addCollapse() {
    // Add links for show/hide all
    const resulttable = find('table#results-table');
    const showhideall = document.createElement('p');
    showhideall.innerHTML = '<a href="javascript:showAllExtras()">Show all details</a> / ' +
                            '<a href="javascript:hideAllExtras()">Hide all details</a>';
    resulttable.parentElement.insertBefore(showhideall, resulttable);

    // Add show/hide link to each result
    findAll('.col-result').forEach(function(elem) {
        const collapsed = getQueryParameter('collapsed') || 'Passed';
        const extras = elem.parentNode.nextElementSibling;
        const expandcollapse = document.createElement('span');
        if (extras.classList.contains('collapsed')) {
            expandcollapse.classList.add('expander');
        } else if (collapsed.includes(elem.innerHTML)) {
            extras.classList.add('collapsed');
            expandcollapse.classList.add('expander');
        } else {
            expandcollapse.classList.add('collapser');
        }
        elem.appendChild(expandcollapse);

        elem.addEventListener('click', function(event) {
            if (event.currentTarget.parentNode.nextElementSibling.classList.contains('collapsed')) {
                showExtras(event.currentTarget);
            } else {
                hideExtras(event.currentTarget);
            }
        });
    });
}

function getQueryParameter(name) {
    const match = RegExp('[?&]' + name + '=([^&]*)').exec(window.location.search);
    return match && decodeURIComponent(match[1].replace(/\+/g, ' '));
}

function init () { // eslint-disable-line no-unused-vars
    resetSortHeaders();

    addCollapse();

    showFilters();

    sortColumn(find('.initial-sort'));

    findAll('.sortable').forEach(function(elem) {
        elem.addEventListener('click',
            function() {
                sortColumn(elem);
            }, false);
    });
}

function sortTable(clicked, keyFunc) {
    const rows = findAll('.results-table-row');
    const reversed = !clicked.classList.contains('asc');
    const sortedRows = sort(rows, keyFunc, reversed);
    /* Whole table is removed here because browsers acts much slower
     * when appending existing elements.
     */
    const thead = document.getElementById('results-table-head');
    document.getElementById('results-table').remove();
    const parent = document.createElement('table');
    parent.id = 'results-table';
    parent.appendChild(thead);
    sortedRows.forEach(function(elem) {
        parent.appendChild(elem);
    });
    document.getElementsByTagName('BODY')[0].appendChild(parent);
}

function sort(items, keyFunc, reversed) {
    const sortArray = items.map(function(item, i) {
        return [keyFunc(item), i];
    });

    sortArray.sort(function(a, b) {
        const keyA = a[0];
        const keyB = b[0];

        if (keyA == keyB) return 0;

        if (reversed) {
            return keyA < keyB ? 1 : -1;
        } else {
            return keyA > keyB ? 1 : -1;
        }
    });

    return sortArray.map(function(item) {
        const index = item[1];
        return items[index];
    });
}

function keyAlpha(colIndex) {
    return function(elem) {
        return elem.childNodes[1].childNodes[colIndex].firstChild.data.toLowerCase();
    };
}

function keyLink(colIndex) {
    return function(elem) {
        const dataCell = elem.childNodes[1].childNodes[colIndex].firstChild;
        return dataCell == null ? '' : dataCell.innerText.toLowerCase();
    };
}

function keyResult(colIndex) {
    return function(elem) {
        const strings = ['Error', 'Failed', 'Rerun', 'XFailed', 'XPassed',
            'Skipped', 'Passed'];
        return strings.indexOf(elem.childNodes[1].childNodes[colIndex].firstChild.data);
    };
}

function resetSortHeaders() {
    findAll('.sort-icon').forEach(function(elem) {
        elem.parentNode.removeChild(elem);
    });
    findAll('.sortable').forEach(function(elem) {
        const icon = document.createElement('div');
        icon.className = 'sort-icon';
        icon.textContent = 'vvv';
        elem.insertBefore(icon, elem.firstChild);
        elem.classList.remove('desc', 'active');
        elem.classList.add('asc', 'inactive');
    });
}

function toggleSortStates(elem) {
    //if active, toggle between asc and desc
    if (elem.classList.contains('active')) {
        elem.classList.toggle('asc');
        elem.classList.toggle('desc');
    }

    //if inactive, reset all other functions and add ascending active
    if (elem.classList.contains('inactive')) {
        resetSortHeaders();
        elem.classList.remove('inactive');
        elem.classList.add('active');
    }
}

function isAllRowsHidden(value) {
    return value.hidden == false;
}

function filterTable(elem) { // eslint-disable-line no-unused-vars
    const outcomeAtt = 'data-test-result';
    const outcome = elem.getAttribute(outcomeAtt);
    const classOutcome = outcome + ' results-table-row';
    const outcomeRows = document.getElementsByClassName(classOutcome);

    for(let i = 0; i < outcomeRows.length; i++){
        outcomeRows[i].hidden = !elem.checked;
    }

    const rows = findAll('.results-table-row').filter(isAllRowsHidden);
    const allRowsHidden = rows.length == 0 ? true : false;
    const notFoundMessage = document.getElementById('not-found-message');
    notFoundMessage.hidden = !allRowsHidden;
}
</script>
    <h1>report.html</h1>
    <p>Report generated on 12-Mar-2023 at 09:34:21 by <a href="https://pypi.python.org/pypi/pytest-html">pytest-html</a> v3.2.0</p>
    <h2>Environment</h2>
    <table id="environment">
      <tr>
        <td>Packages</td>
        <td>{"pluggy": "1.0.0", "pytest": "7.2.1"}</td></tr>
      <tr>
        <td>Platform</td>
        <td>Windows-10-10.0.22621-SP0</td></tr>
      <tr>
        <td>Plugins</td>
        <td>{"html": "3.2.0", "metadata": "2.0.4"}</td></tr>
      <tr>
        <td>Python</td>
        <td>3.11.0</td></tr></table>
    <h2>Summary</h2>
    <p>31 tests ran in 119.45 seconds. </p>
    <p class="filter" hidden="true">(Un)check the boxes to filter the results.</p><input checked="true" class="filter" data-test-result="passed" hidden="true" name="filter_checkbox" onChange="filterTable(this)" type="checkbox"/><span class="passed">26 passed</span>, <input checked="true" class="filter" data-test-result="skipped" disabled="true" hidden="true" name="filter_checkbox" onChange="filterTable(this)" type="checkbox"/><span class="skipped">0 skipped</span>, <input checked="true" class="filter" data-test-result="failed" hidden="true" name="filter_checkbox" onChange="filterTable(this)" type="checkbox"/><span class="failed">5 failed</span>, <input checked="true" class="filter" data-test-result="error" disabled="true" hidden="true" name="filter_checkbox" onChange="filterTable(this)" type="checkbox"/><span class="error">0 errors</span>, <input checked="true" class="filter" data-test-result="xfailed" disabled="true" hidden="true" name="filter_checkbox" onChange="filterTable(this)" type="checkbox"/><span class="xfailed">0 expected failures</span>, <input checked="true" class="filter" data-test-result="xpassed" disabled="true" hidden="true" name="filter_checkbox" onChange="filterTable(this)" type="checkbox"/><span class="xpassed">0 unexpected passes</span>
    <h2>Results</h2>
    <table id="results-table">
      <thead id="results-table-head">
        <tr>
          <th class="sortable result initial-sort" col="result">Result</th>
          <th class="sortable" col="name">Test</th>
          <th class="sortable" col="duration">Duration</th>
          <th class="sortable links" col="links">Links</th></tr>
        <tr hidden="true" id="not-found-message">
          <th colspan="4">No results found. Try to check the filters</th></tr></thead>
      <tbody class="failed results-table-row">
        <tr>
          <td class="col-result">Failed</td>
          <td class="col-name">test_acceptance.py::TestAcceptance::test_alterPainting</td>
          <td class="col-duration">12.15</td>
          <td class="col-links"></td></tr>
        <tr>
          <td class="extra" colspan="4">
            <div class="log">self = &lt;test_acceptance.TestAcceptance object at 0x00000248A14E9410&gt;, setup = &lt;selenium.webdriver.chrome.webdriver.WebDriver (session=&quot;f04c4fa0a7100985f61dd9ac7b111182&quot;)&gt;<br/><br/>    def test_alterPainting(self, setup):<br/>        setup.get(&quot;http://127.0.0.1:5000/&quot;)<br/>        # Add new painting<br/>        setup.find_element(By.XPATH,&quot;//img[@src=&#x27;../static/image112.png&#x27;]&quot;).click()<br/>        setup.find_element(By.NAME,&#x27;filename&#x27;).send_keys(&quot;C:/Users/amnes/OneDrive/Desktop/painting.jpg&quot;)<br/>        setup.find_element(By.NAME,&#x27;painting_title&#x27;).send_keys(&quot;The Most Famous Paintings in the World&quot;)<br/>        setup.find_element(By.NAME,&#x27;description&#x27;).send_keys(&quot;Which are your favorite famous art paintings? Are they on our list of the world’s most famous paintings? Perhaps you will discover a few famous artworks you have not heard of before. Let’s dive into our list of the world’s most popular paintings.&quot;)<br/>        setup.find_element(By.NAME,&#x27;artist&#x27;).send_keys(&quot;Sandro Botticelli&quot;)<br/>        setup.find_element(By.NAME,&#x27;current_location&#x27;).send_keys(&quot;Uffizi Gallery&quot;)<br/>        setup.find_element(By.NAME,&#x27;date_created&#x27;).send_keys(&quot;1482&quot;)<br/>        setup.find_element(By.XPATH,&quot;//button[@class=&#x27;button button5&#x27;]&quot;).click()<br/>        # Return to added painting<br/>        setup.get(&quot;http://127.0.0.1:5000/alter_painting/11&quot;)<br/>        setup.find_element(By.NAME,&#x27;painting_title&#x27;).send_keys(&quot;Amne Ghzale&quot;)<br/>        setup.find_element(By.XPATH, &quot;//button[@class=&#x27;button button5&#x27;]&quot;).click()<br/>&gt;       assert setup.find_element(By.XPATH, &quot;//p[normalize-space()=&#x27;Amne Ghzale&#x27;]&quot;).text==&quot;Amne Ghzale&quot;, &quot;The click not display&quot;<br/><br/>test_acceptance.py:78: <br/>_ _ _ _ _ _ _ _ _ _ _ _ _ _ _ _ _ _ _ _ _ _ _ _ _ _ _ _ _ _ _ _ _ _ _ _ _ _ _ _ <br/>..\venv\Lib\site-packages\selenium\webdriver\remote\webdriver.py:830: in find_element<br/>    return self.execute(Command.FIND_ELEMENT, {&quot;using&quot;: by, &quot;value&quot;: value})[&quot;value&quot;]<br/>..\venv\Lib\site-packages\selenium\webdriver\remote\webdriver.py:440: in execute<br/>    self.error_handler.check_response(response)<br/>_ _ _ _ _ _ _ _ _ _ _ _ _ _ _ _ _ _ _ _ _ _ _ _ _ _ _ _ _ _ _ _ _ _ _ _ _ _ _ _ <br/><br/>self = &lt;selenium.webdriver.remote.errorhandler.ErrorHandler object at 0x00000248A14A9890&gt;<br/>response = {&#x27;status&#x27;: 404, &#x27;value&#x27;: &#x27;{&quot;value&quot;:{&quot;error&quot;:&quot;no such element&quot;,&quot;message&quot;:&quot;no such element: Unable to locate element: {\...dInitThunk [0x75AE7D69+25]\\n\\tRtlInitializeExceptionChain [0x776DBB9B+107]\\n\\tRtlClearBits [0x776DBB1F+191]\\n&quot;}}&#x27;}<br/><br/>    def check_response(self, response: Dict[str, Any]) -&gt; None:<br/>        &quot;&quot;&quot;Checks that a JSON response from the WebDriver does not have an<br/>        error.<br/>    <br/>        :Args:<br/>         - response - The JSON response from the WebDriver server as a dictionary<br/>           object.<br/>    <br/>        :Raises: If the response contains an error message.<br/>        &quot;&quot;&quot;<br/>        status = response.get(&quot;status&quot;, None)<br/>        if not status or status == ErrorCode.SUCCESS:<br/>            return<br/>        value = None<br/>        message = response.get(&quot;message&quot;, &quot;&quot;)<br/>        screen: str = response.get(&quot;screen&quot;, &quot;&quot;)<br/>        stacktrace = None<br/>        if isinstance(status, int):<br/>            value_json = response.get(&quot;value&quot;, None)<br/>            if value_json and isinstance(value_json, str):<br/>                import json<br/>    <br/>                try:<br/>                    value = json.loads(value_json)<br/>                    if len(value.keys()) == 1:<br/>                        value = value[&quot;value&quot;]<br/>                    status = value.get(&quot;error&quot;, None)<br/>                    if not status:<br/>                        status = value.get(&quot;status&quot;, ErrorCode.UNKNOWN_ERROR)<br/>                        message = value.get(&quot;value&quot;) or value.get(&quot;message&quot;)<br/>                        if not isinstance(message, str):<br/>                            value = message<br/>                            message = message.get(&quot;message&quot;)<br/>                    else:<br/>                        message = value.get(&quot;message&quot;, None)<br/>                except ValueError:<br/>                    pass<br/>    <br/>        exception_class: Type[WebDriverException]<br/>        if status in ErrorCode.NO_SUCH_ELEMENT:<br/>            exception_class = NoSuchElementException<br/>        elif status in ErrorCode.NO_SUCH_FRAME:<br/>            exception_class = NoSuchFrameException<br/>        elif status in ErrorCode.NO_SUCH_SHADOW_ROOT:<br/>            exception_class = NoSuchShadowRootException<br/>        elif status in ErrorCode.NO_SUCH_WINDOW:<br/>            exception_class = NoSuchWindowException<br/>        elif status in ErrorCode.STALE_ELEMENT_REFERENCE:<br/>            exception_class = StaleElementReferenceException<br/>        elif status in ErrorCode.ELEMENT_NOT_VISIBLE:<br/>            exception_class = ElementNotVisibleException<br/>        elif status in ErrorCode.INVALID_ELEMENT_STATE:<br/>            exception_class = InvalidElementStateException<br/>        elif (<br/>            status in ErrorCode.INVALID_SELECTOR<br/>            or status in ErrorCode.INVALID_XPATH_SELECTOR<br/>            or status in ErrorCode.INVALID_XPATH_SELECTOR_RETURN_TYPER<br/>        ):<br/>            exception_class = InvalidSelectorException<br/>        elif status in ErrorCode.ELEMENT_IS_NOT_SELECTABLE:<br/>            exception_class = ElementNotSelectableException<br/>        elif status in ErrorCode.ELEMENT_NOT_INTERACTABLE:<br/>            exception_class = ElementNotInteractableException<br/>        elif status in ErrorCode.INVALID_COOKIE_DOMAIN:<br/>            exception_class = InvalidCookieDomainException<br/>        elif status in ErrorCode.UNABLE_TO_SET_COOKIE:<br/>            exception_class = UnableToSetCookieException<br/>        elif status in ErrorCode.TIMEOUT:<br/>            exception_class = TimeoutException<br/>        elif status in ErrorCode.SCRIPT_TIMEOUT:<br/>            exception_class = TimeoutException<br/>        elif status in ErrorCode.UNKNOWN_ERROR:<br/>            exception_class = WebDriverException<br/>        elif status in ErrorCode.UNEXPECTED_ALERT_OPEN:<br/>            exception_class = UnexpectedAlertPresentException<br/>        elif status in ErrorCode.NO_ALERT_OPEN:<br/>            exception_class = NoAlertPresentException<br/>        elif status in ErrorCode.IME_NOT_AVAILABLE:<br/>            exception_class = ImeNotAvailableException<br/>        elif status in ErrorCode.IME_ENGINE_ACTIVATION_FAILED:<br/>            exception_class = ImeActivationFailedException<br/>        elif status in ErrorCode.MOVE_TARGET_OUT_OF_BOUNDS:<br/>            exception_class = MoveTargetOutOfBoundsException<br/>        elif status in ErrorCode.JAVASCRIPT_ERROR:<br/>            exception_class = JavascriptException<br/>        elif status in ErrorCode.SESSION_NOT_CREATED:<br/>            exception_class = SessionNotCreatedException<br/>        elif status in ErrorCode.INVALID_ARGUMENT:<br/>            exception_class = InvalidArgumentException<br/>        elif status in ErrorCode.NO_SUCH_COOKIE:<br/>            exception_class = NoSuchCookieException<br/>        elif status in ErrorCode.UNABLE_TO_CAPTURE_SCREEN:<br/>            exception_class = ScreenshotException<br/>        elif status in ErrorCode.ELEMENT_CLICK_INTERCEPTED:<br/>            exception_class = ElementClickInterceptedException<br/>        elif status in ErrorCode.INSECURE_CERTIFICATE:<br/>            exception_class = InsecureCertificateException<br/>        elif status in ErrorCode.INVALID_COORDINATES:<br/>            exception_class = InvalidCoordinatesException<br/>        elif status in ErrorCode.INVALID_SESSION_ID:<br/>            exception_class = InvalidSessionIdException<br/>        elif status in ErrorCode.UNKNOWN_METHOD:<br/>            exception_class = UnknownMethodException<br/>        else:<br/>            exception_class = WebDriverException<br/>        if not value:<br/>            value = response[&quot;value&quot;]<br/>        if isinstance(value, str):<br/>            raise exception_class(value)<br/>        if message == &quot;&quot; and &quot;message&quot; in value:<br/>            message = value[&quot;message&quot;]<br/>    <br/>        screen = None  # type: ignore[assignment]<br/>        if &quot;screen&quot; in value:<br/>            screen = value[&quot;screen&quot;]<br/>    <br/>        stacktrace = None<br/>        st_value = value.get(&quot;stackTrace&quot;) or value.get(&quot;stacktrace&quot;)<br/>        if st_value:<br/>            if isinstance(st_value, str):<br/>                stacktrace = st_value.split(&quot;\n&quot;)<br/>            else:<br/>                stacktrace = []<br/>                try:<br/>                    for frame in st_value:<br/>                        line = frame.get(&quot;lineNumber&quot;, &quot;&quot;)<br/>                        file = frame.get(&quot;fileName&quot;, &quot;&lt;anonymous&gt;&quot;)<br/>                        if line:<br/>                            file = f&quot;{file}:{line}&quot;<br/>                        meth = frame.get(&quot;methodName&quot;, &quot;&lt;anonymous&gt;&quot;)<br/>                        if &quot;className&quot; in frame:<br/>                            meth = f&quot;{frame[&#x27;className&#x27;]}.{meth}&quot;<br/>                        msg = &quot;    at %s (%s)&quot;<br/>                        msg = msg % (meth, file)<br/>                        stacktrace.append(msg)<br/>                except TypeError:<br/>                    pass<br/>        if exception_class == UnexpectedAlertPresentException:<br/>            alert_text = None<br/>            if &quot;data&quot; in value:<br/>                alert_text = value[&quot;data&quot;].get(&quot;text&quot;)<br/>            elif &quot;alert&quot; in value:<br/>                alert_text = value[&quot;alert&quot;].get(&quot;text&quot;)<br/>            raise exception_class(message, screen, stacktrace, alert_text)  # type: ignore[call-arg]  # mypy is not smart enough here<br/>&gt;       raise exception_class(message, screen, stacktrace)<br/><span class="error">E       selenium.common.exceptions.NoSuchElementException: Message: no such element: Unable to locate element: {&quot;method&quot;:&quot;xpath&quot;,&quot;selector&quot;:&quot;//p[normalize-space()=&#x27;Amne Ghzale&#x27;]&quot;}</span><br/><span class="error">E         (Session info: chrome=110.0.5481.178)</span><br/><span class="error">E       Stacktrace:</span><br/><span class="error">E       Backtrace:</span><br/><span class="error">E       	(No symbol) [0x004137D3]</span><br/><span class="error">E       	(No symbol) [0x003A8B81]</span><br/><span class="error">E       	(No symbol) [0x002AB36D]</span><br/><span class="error">E       	(No symbol) [0x002DD382]</span><br/><span class="error">E       	(No symbol) [0x002DD4BB]</span><br/><span class="error">E       	(No symbol) [0x00313302]</span><br/><span class="error">E       	(No symbol) [0x002FB464]</span><br/><span class="error">E       	(No symbol) [0x00311215]</span><br/><span class="error">E       	(No symbol) [0x002FB216]</span><br/><span class="error">E       	(No symbol) [0x002D0D97]</span><br/><span class="error">E       	(No symbol) [0x002D253D]</span><br/><span class="error">E       	GetHandleVerifier [0x0068ABF2+2510930]</span><br/><span class="error">E       	GetHandleVerifier [0x006B8EC1+2700065]</span><br/><span class="error">E       	GetHandleVerifier [0x006BC86C+2714828]</span><br/><span class="error">E       	GetHandleVerifier [0x004C3480+645344]</span><br/><span class="error">E       	(No symbol) [0x003B0FD2]</span><br/><span class="error">E       	(No symbol) [0x003B6C68]</span><br/><span class="error">E       	(No symbol) [0x003B6D4B]</span><br/><span class="error">E       	(No symbol) [0x003C0D6B]</span><br/><span class="error">E       	BaseThreadInitThunk [0x75AE7D69+25]</span><br/><span class="error">E       	RtlInitializeExceptionChain [0x776DBB9B+107]</span><br/><span class="error">E       	RtlClearBits [0x776DBB1F+191]</span><br/><br/>..\venv\Lib\site-packages\selenium\webdriver\remote\errorhandler.py:245: NoSuchElementException<br/></div></td></tr></tbody>
      <tbody class="failed results-table-row">
        <tr>
          <td class="col-result">Failed</td>
          <td class="col-name">test_functional.py::TestFunctional::test_RunSearch</td>
          <td class="col-duration">3.03</td>
          <td class="col-links"></td></tr>
        <tr>
          <td class="extra" colspan="4">
            <div class="log">self = &lt;test_functional.TestFunctional object at 0x00000248A14DD450&gt;, setup = &lt;selenium.webdriver.chrome.webdriver.WebDriver (session=&quot;92b325e9b34f640519c6060d6c158c9e&quot;)&gt;<br/><br/>    def test_RunSearch(self, setup):<br/>        setup.get(&quot;http://127.0.0.1:5000/&quot;)<br/>        setup.find_element(By.ID, &quot;searchBar&quot;).send_keys(&quot;American &quot;)<br/>        setup.find_element(By.ID, &quot;submit&quot;).click()<br/>&gt;       assert setup.current_url==&quot;http://127.0.0.1:5000/painting_info/10&quot;, &quot;found the painting&quot;<br/><span class="error">E       AssertionError: found the painting</span><br/><span class="error">E       assert &#x27;http://127.0.0.1:5000/&#x27; == &#x27;http://127.0...nting_info/10&#x27;</span><br/><span class="error">E         - http://127.0.0.1:5000/painting_info/10</span><br/><span class="error">E         + http://127.0.0.1:5000/</span><br/><br/>test_functional.py:15: AssertionError<br/></div></td></tr></tbody>
      <tbody class="failed results-table-row">
        <tr>
          <td class="col-result">Failed</td>
          <td class="col-name">test_functional.py::TestFunctional::test_ReviewPainting</td>
          <td class="col-duration">2.29</td>
          <td class="col-links"></td></tr>
        <tr>
          <td class="extra" colspan="4">
            <div class="log">self = &lt;test_functional.TestFunctional object at 0x00000248A14DE090&gt;, setup = &lt;selenium.webdriver.chrome.webdriver.WebDriver (session=&quot;19118f61bb2bafc9813428941998be33&quot;)&gt;<br/><br/>    def test_ReviewPainting(self, setup):<br/>        setup.get(&quot;http://127.0.0.1:5000/painting_info/11&quot;)<br/>        befor_AddReview = setup.find_elements(By.XPATH, &quot;//body//ol//br&quot;)<br/>        setup.find_element(By.NAME, &quot;review_text&quot;).send_keys(&quot;its good&quot;)<br/>        setup.find_element(By.XPATH, &quot;//button[@class=&#x27;button button5&#x27;]&quot;).click()<br/>        after_AddReview = setup.find_elements(By.XPATH, &quot;//body//ol//br&quot;)<br/>&gt;       assert len(befor_AddReview) &lt; len(after_AddReview), &quot;faild to add due to missing mandatory attribute &quot;<br/><span class="error">E       AssertionError: faild to add due to missing mandatory attribute </span><br/><span class="error">E       assert 1 &lt; 1</span><br/><span class="error">E        +  where 1 = len([&lt;selenium.webdriver.remote.webelement.WebElement (session=&quot;19118f61bb2bafc9813428941998be33&quot;, element=&quot;342f6847-c11b-413b-8418-ce69cc456648&quot;)&gt;])</span><br/><span class="error">E        +  and   1 = len([&lt;selenium.webdriver.remote.webelement.WebElement (session=&quot;19118f61bb2bafc9813428941998be33&quot;, element=&quot;342f6847-c11b-413b-8418-ce69cc456648&quot;)&gt;])</span><br/><br/>test_functional.py:26: AssertionError<br/></div></td></tr></tbody>
      <tbody class="failed results-table-row">
        <tr>
          <td class="col-result">Failed</td>
          <td class="col-name">test_functional.py::TestFunctional::test_AddPainting</td>
          <td class="col-duration">13.87</td>
          <td class="col-links"></td></tr>
        <tr>
          <td class="extra" colspan="4">
            <div class="log">self = &lt;test_functional.TestFunctional object at 0x00000248A14DF050&gt;, setup = &lt;selenium.webdriver.chrome.webdriver.WebDriver (session=&quot;ef5982f3d6a5d8673cabab00a0de258f&quot;)&gt;<br/><br/>    def test_AddPainting(self, setup):<br/>        # Add painting without date created:<br/>        setup.get(&quot;http://127.0.0.1:5000/&quot;)<br/>        befor_Add = setup.find_elements(By.XPATH, &quot;//div/a&quot;)<br/>        setup.find_element(By.XPATH, &quot;//img[@src=&#x27;../static/image112.png&#x27;]&quot;).click()<br/>        setup.find_element(By.NAME, &#x27;filename&#x27;).send_keys(&quot;C:/Users/amnes/OneDrive/Desktop/painting.jpg&quot;)<br/>        setup.find_element(By.NAME, &#x27;painting_title&#x27;).send_keys(&quot;The Most Famous Paintings in the World&quot;)<br/>        setup.find_element(By.NAME, &#x27;description&#x27;).send_keys(&quot;Which are your favorite famous art paintings? Are they on our list of the world’s most famous paintings? Perhaps you will discover a few famous artworks you have not heard of before. Let’s dive into our list of the world’s most popular paintings.&quot;)<br/>        setup.find_element(By.NAME, &#x27;artist&#x27;).send_keys(&quot;Sandro Botticelli&quot;)<br/>        setup.find_element(By.NAME, &#x27;current_location&#x27;).send_keys(&quot;Uffizi Gallery&quot;)<br/>        # driver.find_element(By.NAME,&#x27;date_created&#x27;).send_keys(&quot;1482&quot;)<br/>        setup.find_element(By.XPATH, &quot;//button[@class=&#x27;button button5&#x27;]&quot;).click()<br/>        after_Add = setup.find_elements(By.XPATH, &quot;//div/a&quot;)<br/>&gt;       assert len(after_Add) &gt; len(befor_Add), &quot;fiald to add painting&quot;<br/><span class="error">E       AssertionError: fiald to add painting</span><br/><span class="error">E       assert 0 &gt; 24</span><br/><span class="error">E        +  where 0 = len([])</span><br/><span class="error">E        +  and   24 = len([&lt;selenium.webdriver.remote.webelement.WebElement (session=&quot;ef5982f3d6a5d8673cabab00a0de258f&quot;, element=&quot;2dbf528c-c6cb-...belement.WebElement (session=&quot;ef5982f3d6a5d8673cabab00a0de258f&quot;, element=&quot;ca8ec5f4-7a36-484c-a502-8e78b73a8039&quot;)&gt;, ...])</span><br/><br/>test_functional.py:45: AssertionError<br/></div></td></tr></tbody>
      <tbody class="failed results-table-row">
        <tr>
          <td class="col-result">Failed</td>
          <td class="col-name">test_functional.py::TestFunctional::test_Search</td>
          <td class="col-duration">2.53</td>
          <td class="col-links"></td></tr>
        <tr>
          <td class="extra" colspan="4">
            <div class="log">self = &lt;test_functional.TestFunctional object at 0x00000248A14DFE90&gt;, setup = &lt;selenium.webdriver.chrome.webdriver.WebDriver (session=&quot;4a8df83895b48df9258b0fde22776a75&quot;)&gt;<br/><br/>    def test_Search(self, setup):<br/>        setup.get(&quot;http://127.0.0.1:5000/&quot;)<br/>        setup.find_element(By.ID, &quot;searchBar&quot;).send_keys(&quot;Am &quot;)<br/>        setup.find_element(By.ID, &quot;submit&quot;).click()<br/>&gt;       assert setup.current_url==&quot;http://127.0.0.1:5000/painting_info/10&quot;, &quot;found the painting&quot;<br/><span class="error">E       AssertionError: found the painting</span><br/><span class="error">E       assert &#x27;http://127.0.0.1:5000/&#x27; == &#x27;http://127.0...nting_info/10&#x27;</span><br/><span class="error">E         - http://127.0.0.1:5000/painting_info/10</span><br/><span class="error">E         + http://127.0.0.1:5000/</span><br/><br/>test_functional.py:67: AssertionError<br/></div></td></tr></tbody>
      <tbody class="passed results-table-row">
        <tr>
          <td class="col-result">Passed</td>
          <td class="col-name">test_acceptance.py::TestAcceptance::test_RunSearch</td>
          <td class="col-duration">2.54</td>
          <td class="col-links"></td></tr>
        <tr>
          <td class="extra" colspan="4">
            <div class="log"> ------------------------------Captured stdout call------------------------------ <br/>American Gothic
<br/> -------------------------------Captured log call-------------------------------- <br/>INFO     test_RunSearch:test_acceptance.py:18 painting found<br/></div></td></tr></tbody>
      <tbody class="passed results-table-row">
        <tr>
          <td class="col-result">Passed</td>
          <td class="col-name">test_acceptance.py::TestAcceptance::test_homepage</td>
          <td class="col-duration">2.29</td>
          <td class="col-links"></td></tr>
        <tr>
          <td class="extra" colspan="4">
            <div class="log"> ------------------------------Captured stdout call------------------------------ <br/>PASS: Clicking on home logo take to homepage
<br/> -------------------------------Captured log call-------------------------------- <br/>INFO     test_homepage:test_acceptance.py:30 Homepage is woking<br/></div></td></tr></tbody>
      <tbody class="passed results-table-row">
        <tr>
          <td class="col-result">Passed</td>
          <td class="col-name">test_acceptance.py::TestAcceptance::test_addNewPainiting</td>
          <td class="col-duration">3.35</td>
          <td class="col-links"></td></tr>
        <tr>
          <td class="extra" colspan="4">
            <div class="log"> ------------------------------Captured stdout call------------------------------ <br/>New Painting Added
<br/> -------------------------------Captured log call-------------------------------- <br/>INFO     test_addNewPainiting:test_acceptance.py:50 The painting has been added<br/></div></td></tr></tbody>
      <tbody class="passed results-table-row">
        <tr>
          <td class="col-result">Passed</td>
          <td class="col-name">test_acceptance.py::TestAcceptance::test_AddReview</td>
          <td class="col-duration">2.43</td>
          <td class="col-links"></td></tr>
        <tr>
          <td class="extra" colspan="4">
            <div class="log"> ------------------------------Captured stdout call------------------------------ <br/>Review Added
<br/> -------------------------------Captured log call-------------------------------- <br/>INFO     test_AddReview:test_acceptance.py:61 The review has been added<br/></div></td></tr></tbody>
      <tbody class="passed results-table-row">
        <tr>
          <td class="col-result">Passed</td>
          <td class="col-name">test_acceptance.py::test_crossBrowser[Chrome]</td>
          <td class="col-duration">0.00</td>
          <td class="col-links"></td></tr>
        <tr>
          <td class="extra" colspan="4">
            <div class="log"> ------------------------------Captured stdout call------------------------------ <br/>Chrome
<br/></div></td></tr></tbody>
      <tbody class="passed results-table-row">
        <tr>
          <td class="col-result">Passed</td>
          <td class="col-name">test_acceptance.py::test_crossBrowser[Firefox]</td>
          <td class="col-duration">0.00</td>
          <td class="col-links"></td></tr>
        <tr>
          <td class="extra" colspan="4">
            <div class="log"> ------------------------------Captured stdout call------------------------------ <br/>Firefox
<br/></div></td></tr></tbody>
      <tbody class="passed results-table-row">
        <tr>
          <td class="col-result">Passed</td>
          <td class="col-name">test_acceptance.py::test_crossBrowser[Edge]</td>
          <td class="col-duration">0.00</td>
          <td class="col-links"></td></tr>
        <tr>
          <td class="extra" colspan="4">
            <div class="log"> ------------------------------Captured stdout call------------------------------ <br/>Edge
<br/></div></td></tr></tbody>
      <tbody class="passed results-table-row">
        <tr>
          <td class="col-result">Passed</td>
          <td class="col-name">test_functional.py::TestFunctional::test_AddReView</td>
          <td class="col-duration">2.32</td>
          <td class="col-links"></td></tr>
        <tr>
          <td class="extra" colspan="4">
            <div class="log"> ------------------------------Captured stdout call------------------------------ <br/> The review has been added
<br/> -------------------------------Captured log call-------------------------------- <br/>INFO     test_AddReView:test_functional.py:61 The review has been added<br/></div></td></tr></tbody>
      <tbody class="passed results-table-row">
        <tr>
          <td class="col-result">Passed</td>
          <td class="col-name">test_functional.py::test_crossBrowser[Chrome]</td>
          <td class="col-duration">0.00</td>
          <td class="col-links"></td></tr>
        <tr>
          <td class="extra" colspan="4">
            <div class="log"> ------------------------------Captured stdout call------------------------------ <br/>Chrome
<br/></div></td></tr></tbody>
      <tbody class="passed results-table-row">
        <tr>
          <td class="col-result">Passed</td>
          <td class="col-name">test_functional.py::test_crossBrowser[Firefox]</td>
          <td class="col-duration">0.00</td>
          <td class="col-links"></td></tr>
        <tr>
          <td class="extra" colspan="4">
            <div class="log"> ------------------------------Captured stdout call------------------------------ <br/>Firefox
<br/></div></td></tr></tbody>
      <tbody class="passed results-table-row">
        <tr>
          <td class="col-result">Passed</td>
          <td class="col-name">test_functional.py::test_crossBrowser[Edge]</td>
          <td class="col-duration">0.00</td>
          <td class="col-links"></td></tr>
        <tr>
          <td class="extra" colspan="4">
            <div class="log"> ------------------------------Captured stdout call------------------------------ <br/>Edge
<br/></div></td></tr></tbody>
      <tbody class="passed results-table-row">
        <tr>
          <td class="col-result">Passed</td>
          <td class="col-name">test_security.py::TestSecurity::test_AddReView</td>
          <td class="col-duration">3.77</td>
          <td class="col-links"></td></tr>
        <tr>
          <td class="extra" colspan="4">
            <div class="log"> ------------------------------Captured stdout call------------------------------ <br/> The review has been added
<br/> -------------------------------Captured log call-------------------------------- <br/>INFO     test_AddReView:test_security.py:21 The review has been added<br/></div></td></tr></tbody>
      <tbody class="passed results-table-row">
        <tr>
          <td class="col-result">Passed</td>
          <td class="col-name">test_security.py::TestSecurity::test_AddSamePainting</td>
          <td class="col-duration">4.72</td>
          <td class="col-links"></td></tr>
        <tr>
          <td class="extra" colspan="4">
            <div class="log"> ------------------------------Captured stdout call------------------------------ <br/>the painting has been added
<br/> -------------------------------Captured log call-------------------------------- <br/>INFO     test_AddSamePainting:test_security.py:38 The painting has been added<br/></div></td></tr></tbody>
      <tbody class="passed results-table-row">
        <tr>
          <td class="col-result">Passed</td>
          <td class="col-name">test_security.py::TestSecurity::test_Delete</td>
          <td class="col-duration">11.05</td>
          <td class="col-links"></td></tr>
        <tr>
          <td class="extra" colspan="4">
            <div class="log"> ------------------------------Captured stdout call------------------------------ <br/>25
0
<br/> -------------------------------Captured log call-------------------------------- <br/>INFO     test_Delete:test_security.py:50 The painting was deleted successfully<br/></div></td></tr></tbody>
      <tbody class="passed results-table-row">
        <tr>
          <td class="col-result">Passed</td>
          <td class="col-name">test_security.py::TestSecurity::test_AddRandomPhoto</td>
          <td class="col-duration">4.58</td>
          <td class="col-links"></td></tr>
        <tr>
          <td class="extra" colspan="4">
            <div class="log"> ------------------------------Captured stdout call------------------------------ <br/>the painting has been added
<br/> -------------------------------Captured log call-------------------------------- <br/>INFO     test_AddRandomPhoto:test_security.py:68 The painting has been added<br/></div></td></tr></tbody>
      <tbody class="passed results-table-row">
        <tr>
          <td class="col-result">Passed</td>
          <td class="col-name">test_security.py::test_crossBrowser[Chrome]</td>
          <td class="col-duration">0.00</td>
          <td class="col-links"></td></tr>
        <tr>
          <td class="extra" colspan="4">
            <div class="log"> ------------------------------Captured stdout call------------------------------ <br/>Chrome
<br/></div></td></tr></tbody>
      <tbody class="passed results-table-row">
        <tr>
          <td class="col-result">Passed</td>
          <td class="col-name">test_security.py::test_crossBrowser[Firefox]</td>
          <td class="col-duration">0.00</td>
          <td class="col-links"></td></tr>
        <tr>
          <td class="extra" colspan="4">
            <div class="log"> ------------------------------Captured stdout call------------------------------ <br/>Firefox
<br/></div></td></tr></tbody>
      <tbody class="passed results-table-row">
        <tr>
          <td class="col-result">Passed</td>
          <td class="col-name">test_security.py::test_crossBrowser[Edge]</td>
          <td class="col-duration">0.00</td>
          <td class="col-links"></td></tr>
        <tr>
          <td class="extra" colspan="4">
            <div class="log"> ------------------------------Captured stdout call------------------------------ <br/>Edge
<br/></div></td></tr></tbody>
      <tbody class="passed results-table-row">
        <tr>
          <td class="col-result">Passed</td>
          <td class="col-name">test_smoke.py::TestSmoke::test_title_homepage</td>
          <td class="col-duration">4.59</td>
          <td class="col-links"></td></tr>
        <tr>
          <td class="extra" colspan="4">
            <div class="log"> ------------------------------Captured stdout call------------------------------ <br/>Famous Paintings
<br/> -------------------------------Captured log call-------------------------------- <br/>INFO     test_title_homepage:test_smoke.py:15 Title is verified and found correct<br/></div></td></tr></tbody>
      <tbody class="passed results-table-row">
        <tr>
          <td class="col-result">Passed</td>
          <td class="col-name">test_smoke.py::TestSmoke::test_OpenSite</td>
          <td class="col-duration">4.50</td>
          <td class="col-links"></td></tr>
        <tr>
          <td class="extra" colspan="4">
            <div class="log"> ------------------------------Captured stdout call------------------------------ <br/>Passed
<br/> -------------------------------Captured log call-------------------------------- <br/>INFO     test_OpenSite:test_smoke.py:22 The site opened and we reached in the homePage<br/></div></td></tr></tbody>
      <tbody class="passed results-table-row">
        <tr>
          <td class="col-result">Passed</td>
          <td class="col-name">test_smoke.py::TestSmoke::test_PageAddPainting</td>
          <td class="col-duration">4.83</td>
          <td class="col-links"></td></tr>
        <tr>
          <td class="extra" colspan="4">
            <div class="log"> ------------------------------Captured stdout call------------------------------ <br/>Passed
<br/> -------------------------------Captured log call-------------------------------- <br/>INFO     test_PageAddPainting:test_smoke.py:30 The site opened and we reached in the Add paintind page<br/></div></td></tr></tbody>
      <tbody class="passed results-table-row">
        <tr>
          <td class="col-result">Passed</td>
          <td class="col-name">test_smoke.py::TestSmoke::test_Alter</td>
          <td class="col-duration">2.63</td>
          <td class="col-links"></td></tr>
        <tr>
          <td class="extra" colspan="4">
            <div class="log"> ------------------------------Captured stdout call------------------------------ <br/>Passed
<br/> -------------------------------Captured log call-------------------------------- <br/>INFO     test_Alter:test_smoke.py:38 The painting alter<br/></div></td></tr></tbody>
      <tbody class="passed results-table-row">
        <tr>
          <td class="col-result">Passed</td>
          <td class="col-name">test_smoke.py::TestSmoke::test_current_location</td>
          <td class="col-duration">3.15</td>
          <td class="col-links"></td></tr>
        <tr>
          <td class="extra" colspan="4">
            <div class="log"> ------------------------------Captured stdout call------------------------------ <br/>1888
<br/> -------------------------------Captured log call-------------------------------- <br/>INFO     test_current_location:test_smoke.py:46  Cafe Terrace at Night current location verified<br/></div></td></tr></tbody>
      <tbody class="passed results-table-row">
        <tr>
          <td class="col-result">Passed</td>
          <td class="col-name">test_smoke.py::test_crossBrowser[Chrome]</td>
          <td class="col-duration">0.00</td>
          <td class="col-links"></td></tr>
        <tr>
          <td class="extra" colspan="4">
            <div class="log"> ------------------------------Captured stdout call------------------------------ <br/>Chrome
<br/></div></td></tr></tbody>
      <tbody class="passed results-table-row">
        <tr>
          <td class="col-result">Passed</td>
          <td class="col-name">test_smoke.py::test_crossBrowser[Firefox]</td>
          <td class="col-duration">0.00</td>
          <td class="col-links"></td></tr>
        <tr>
          <td class="extra" colspan="4">
            <div class="log"> ------------------------------Captured stdout call------------------------------ <br/>Firefox
<br/></div></td></tr></tbody>
      <tbody class="passed results-table-row">
        <tr>
          <td class="col-result">Passed</td>
          <td class="col-name">test_smoke.py::test_crossBrowser[Edge]</td>
          <td class="col-duration">0.00</td>
          <td class="col-links"></td></tr>
        <tr>
          <td class="extra" colspan="4">
            <div class="log"> ------------------------------Captured stdout call------------------------------ <br/>Edge
<br/></div></td></tr></tbody></table></body></html>